0		36	52  554 519	1
1		40	-76  442 411	1
1		41	-94  421 447	1
2		43	-100  351 533	1
2		44	-93  324 551	1
2		45	-82  294 566	1
2		46	-77  265 584	0.696414
2		47	-86  203 631	0.986551
2		48	-91  178 651	1
3		51	-70  576 847	0.859326
4		53	-92  120 761	1
5		56	85  92 453	1
5		57	-70  151 495	0.95131
5		58	-90  180 517	0.999994
6		60	-103  199 621	1
6		61	-111  207 646	0.873267
6		62	113  207 646	0.99663
6		63	114  220 676	1
6		64	-103  323 800	0.999792
6		65	100  323 800	0.859326
7		67	94  387 857	0.953209
8		84	-115  694 884	1
9		86	117  694 884	0.859326
9		87	-113  565 745	0.894066
9		88	112  565 745	0.857722
9		89	-90  482 645	0.584984
10		91	-98  440 618	1
11		93	87  440 618	0.584984
11		94	-73  443 555	0.969105
11		95	-78  452 530	0.99933
11		96	-91  462 504	1
12		98	-86  431 421	0.969105
13		144	58  5 886	1
14		192	-55  9 894	0.99933
15		251	-109  1153 899	1
16		253	113  1149 851	0.969105
17		255	-110  1149 776	0.628484
17		256	111  1149 776	0.994617
18		259	-117  1183 627	0.99933
19		263	111  1235 475	0.584984
19		264	108  1252 435	0.99663
20		266	120  1308 306	0.969105
20		267	-119  1346 224	0.872868
20		268	118  1346 224	0.847189
20		269	109  1385 143	0.839444
20		270	106  1401 103	1
21		288	-88  40 253	1
22		290	-92  201 140	0.655698
23		297	-54  1644 712	0.999996
24		336	-121  700 729	1
24		337	120  700 729	1
24		338	87  667 532	0.773702
25		341	74  659 207	1
26		480	-17  1023 297	0.0147267
27		494	-89  760 102	1
28		510	-80  650 432	1
28		511	-79  656 478	1
29		514	-86  676 660	1
29		515	-90  683 713	1
29		516	-87  690 768	0.953209
30		518	88  698 822	1
31		619	58  576 847	1
32		869	-53  3 890	0.969105
33		921	-59  1803 671	0.999792
33		922	-110  823 873	1
34		925	-118  669 659	0.773702
34		926	118  669 659	0.969105
35		928	-110  563 517	0.542195
36		930	-89  466 395	0.873267
37		932	90  436 356	0.859326
37		933	-90  350 246	1
37		934	-92  325 211	0.999568
38		1043	-63  1036 754	0.999792
39		1046	-89  1000 673	1
40		1048	-80  971 610	1
41		1055	-77  865 421	1
42		1089	-92  641 892	1
43		1091	-107  630 783	0.999124
44		1095	-60  648 688	0.873267
44		1096	-71  659 679	0.999996
45		1098	-92  693 659	1
45		1099	-56  723 641	0.628484
46		1101	-94  744 611	1
46		1102	-95  751 591	1
46		1103	-89  756 569	1
46		1104	-78  769 513	0.934743
47		1107	-91  803 473	1
48		1110	-96  789 420	1
48		1111	-96  776 385	1
49		1116	-84  792 427	1
50		1118	-95  831 469	1
50		1119	-86  865 517	1
50		1120	-95  877 541	1
50		1121	-96  878 564	0.999984
50		1122	-107  867 577	1
50		1123	107  867 577	0.994617
51		1125	-94  780 635	0.934743
51		1126	106  780 635	0.94351
51		1127	89  753 656	0.994617
52		1130	-90  642 798	1
52		1131	94  642 798	0.70677
53		1327	111  1656 216	0.832549
53		1328	-120  1489 247	0.792564
53		1329	-126  1436 257	0.807088
53		1330	122  1436 257	0.990238
54		1333	-104  1216 347	0.97142
54		1334	104  1216 347	0.859326
55		1338	-88  1157 587	0.999792
55		1339	-96  1155 619	1
56		1341	-78  1150 712	0.934743
56		1342	-103  1149 743	1
57		1344	-110  1130 821	1
57		1345	96  1130 821	0.966839
57		1346	-87  1090 857	1
57		1347	-111  1068 873	1
58		1376	-102  594 899	1
58		1377	100  594 899	1
58		1378	-100  664 802	1
58		1379	101  664 802	0.584984
59		1381	97  678 787	0.998019
60		1383	-95  710 807	1
61		1390	-101  676 720	0.859326
61		1391	-15  686 785	0.933238
61		1392	-107  1569 460	0.998103
62		1395	-98  1544 703	1
62		1396	-95  777 541	1
63		1398	-94  791 451	0.97852
64		1400	-94  795 399	0.584984
64		1401	-93  788 384	1
64		1402	-96  768 376	1
64		1403	-98  762 384	0.859326
65		1407	-78  776 456	1
65		1408	-85  773 470	0.998019
65		1409	-89  758 476	0.99972
66		1414	-91  741 379	0.986551
67		1420	-90  761 186	1
67		1421	73  761 186	1
68		1423	-80  728 226	1
69		1428	-90  714 312	1
69		1429	-89  1875 455	1
69		1430	-74  677 337	1
70		1433	-108  850 809	1
71		1438	-109  427 524	1
72		1440	-99  301 433	1
72		1441	-91  733 525	1
72		1442	-98  725 517	0.998019
72		1443	-93  717 500	1
73		1445	-92  694 449	0.873267
74		1447	-92  678 450	1
74		1448	-86  670 455	1
74		1449	-91  642 459	1
74		1450	-90  619 466	0.584984
74		1451	-100  594 473	1
74		1452	97  596 472	0.773702
74		1453	-90  528 503	1
74		1454	-68  510 523	0.773702
75		1457	-91  499 603	1
75		1458	-70  515 649	1
76		1461	-94  534 680	1
77		1463	-96  522 673	1
78		1467	-87  539 591	1
79		1469	-80  545 499	1
80		1472	-89  547 426	0.994617
81		1475	-69  552 761	1
81		1476	58  552 761	0.998019
81		1477	-56  517 435	0.999999
82		1482	-83  618 490	1
83		1484	-90  627 463	1
83		1485	-95  628 450	1
83		1486	-89  626 404	1
84		1524	-53  748 207	0.97142
85		1534	-78  662 316	1
86		1542	53  753 275	0.584984
87		1546	-79  956 328	1
88		1548	-102  982 355	1
88		1549	-89  985 365	1
88		1550	-90  977 358	0.986551
88		1551	-92  973 347	1
88		1552	-89  970 332	1
89		1554	-78  964 286	1
89		1555	73  964 285	1
90		1564	52  900 267	0.591451
91		1696	17  1566 799	0.0156863
92		1703	-53  732 149	0.584984
93		1707	-57  707 309	0.99994
94		1710	-76  692 390	0.999998
95		1712	-87  646 464	0.859326
96		1714	-64  608 507	1
96		1715	-89  591 533	1
96		1716	-92  540 595	0.628484
96		1717	-94  521 631	1
97		1721	90  490 736	0.999996
97		1722	-93  465 868	1
97		1723	91  465 868	1
98		1725	15  1071 206	0.94476
99		1730	16  5 898	0.386583
100		1740	-52  1534 871	1
101		1745	-63  1439 881	1
102		1774	-58  3 876	1
103		1925	-90  415 662	1
104		1928	-100  571 665	0.934743
104		1929	-101  677 657	1
104		1930	-95  731 652	1
104		1931	-96  788 648	1
104		1932	-105  844 647	0.990541
104		1933	-94  963 649	0.628484
104		1934	-99  1023 649	0.999984
105		1938	-97  1330 606	0.628484
105		1939	-98  1397 597	0.97142
105		1940	-106  1462 589	0.934743
105		1941	-117  1595 574	0.999792
105		1942	114  1595 574	0.999869
106		1944	-100  1436 873	0.998019
106		1945	-100  1601 855	0.584984
106		1946	103  1601 855	0.998019
106		1947	-103  1762 827	0.997477
106		1948	98  1762 827	0.994617
106		1949	81  1844 812	1
107		2001	-117  1905 109	1
107		2002	178  1914 116	0.99325
107		2003	-181  1858 112	1
107		2004	-151  1842 104	0.994986
107		2005	-163  1796 106	0.921961
107		2006	-171  1758 109	1
107		2007	-167  1735 100	0.971512
108		2009	-115  1660 103	0.988337
109		2011	116  1660 103	0.988814
110		2017	-97  630 862	1
110		2018	-94  623 845	0.610871
110		2019	85  623 845	1
111		2021	-92  611 843	1
112		2024	91  610 847	0.969105
112		2025	-89  611 831	0.873267
112		2026	-91  607 824	0.70677
113		2028	-91  595 821	0.97142
114		2030	-104  550 797	0.999999
114		2031	103  551 797	0.992337
115		2035	-98  481 866	0.994617
116		2040	94  477 847	0.99663
116		2041	91  488 799	0.99663
116		2042	-102  520 744	0.575692
116		2043	-118  891 102	0.924937
117		2046	111  861 102	1
117		2047	-119  854 100	1
117		2048	113  830 102	0.958905
118		2050	-119  794 100	0.981589
119		2052	160  790 102	0.999857
119		2053	-158  788 108	0.729744
119		2054	150  767 106	1
119		2055	161  760 102	0.94351
120		2058	162  756 104	0.627443
120		2059	168  739 111	0.742908
120		2060	169  761 112	0.998293
121		2062	186  747 104	0.999921
121		2063	-178  735 117	1
121		2064	168  751 113	0.542194
121		2065	-154  756 115	0.999815
122		2069	151  729 123	0.877959
123		2071	-168  729 126	0.966502
124		2073	-158  747 117	0.850932
124		2074	160  729 129	0.770984
124		2075	-157  724 127	0.994303
124		2076	162  750 122	0.760526
124		2077	-175  744 104	0.999993
124		2078	-165  727 121	0.987497
124		2079	-159  745 105	0.59839
124		2080	167  726 129	0.979383
124		2081	163  730 127	0.500098
124		2082	166  725 128	0.856387
124		2083	181  754 124	0.998909
125		2085	-148  756 129	0.832549
125		2086	-155  754 124	0.915672
125		2087	173  755 124	0.999881
125		2088	-161  754 126	0.786867
125		2089	-157  753 101	0.611525
125		2090	173  758 130	0.950003
125		2091	165  728 130	0.95131
125		2092	157  733 128	0.995396
125		2093	-151  759 128	0.83493
125		2094	178  749 100	1
125		2095	-161  735 125	0.606096
126		2097	-165  729 131	1
126		2098	161  762 126	0.925664
126		2099	-161  754 101	0.873267
126		2100	153  758 122	0.816252
126		2101	-151  736 128	0.99784
126		2102	175  755 123	0.999999
126		2103	158  731 128	0.729744
127		2105	155  760 126	0.983734
128		2108	-151  732 126	0.542194
128		2109	154  737 127	0.945878
128		2110	-162  763 123	0.981589
129		2112	-179  758 119	1
129		2113	155  759 119	0.606096
130		2117	158  756 126	1
130		2118	-164  734 132	0.999684
130		2119	-165  731 128	0.999888
130		2120	168  736 129	0.969
130		2121	-160  735 130	0.960122
131		2123	-163  730 106	0.999891
131		2124	147  731 131	0.784938
131		2125	167  758 124	0.99799
131		2126	-163  726 126	0.994303
131		2127	170  730 130	0.996768
131		2128	173  729 135	0.996589
132		2130	177  757 127	0.991394
132		2131	155  735 136	0.897795
132		2132	157  733 132	0.533523
133		2134	153  725 137	0.910068
134		2136	-167  751 108	0.997968
134		2137	-157  745 100	0.886505
134		2138	-164  758 130	0.802352
135		2141	164  729 135	0.956073
136		2143	-168  751 130	0.985636
136		2144	159  724 136	0.974329
136		2145	-171  721 100	0.982753
137		2147	-160  754 130	0.742908
137		2148	180  716 103	1
137		2149	-182  716 103	1
137		2150	182  745 105	0.999999
137		2151	-161  750 129	0.561584
137		2152	170  752 133	0.988814
138		2154	-162  723 101	0.898767
138		2155	179  715 104	0.999875
138		2156	176  745 106	1
139		2159	164  744 134	0.901633
139		2160	-176  753 132	1
140		2162	173  726 128	0.986919
140		2163	171  744 136	0.969
140		2164	160  746 133	0.668974
140		2165	163  748 132	0.801753
140		2166	173  726 129	0.982514
141		2168	165  723 129	0.956073
141		2169	173  724 130	0.997686
141		2170	168  745 135	0.96639
141		2171	-177  741 111	1
141		2172	169  723 138	0.999772
142		2174	-170  721 147	0.999952
142		2175	223  723 133	1
143		2177	-173  716 120	1
143		2178	-172  715 112	0.913192
143		2179	177  716 138	0.859483
144		2181	180  721 148	0.908906
144		2182	-161  735 117	0.972554
145		2187	206  718 139	1
146		2190	-157  745 147	0.624303
146		2191	-210  720 136	1
146		2192	166  712 155	0.714334
147		2194	-165  739 146	0.936428
148		2198	-172  737 156	0.850932
148		2199	-211  717 141	1
148		2200	-186  717 143	1
149		2202	163  705 124	0.861657
149		2203	-223  715 143	1
150		2205	-201  715 145	1
150		2206	-171  714 160	0.716817
150		2207	167  707 161	0.83493
151		2211	-171  724 132	0.886505
152		2214	165  737 159	0.808837
152		2215	-168  712 164	0.991303
152		2216	-179  703 129	0.999997
152		2217	163  703 129	0.973379
152		2218	-167  705 161	0.998523
153		2221	-162  726 128	0.615824
153		2222	-159  723 131	0.699901
154		2225	-164  698 128	0.94351
155		2227	166  731 159	0.671951
155		2228	160  732 157	0.527216
155		2229	-168  704 165	0.913192
156		2231	175  735 165	0.901633
156		2232	-169  731 161	0.998076
157		2238	-163  710 173	0.991749
157		2239	-172  731 163	0.973738
158		2242	-171  731 141	0.872868
159		2245	-171  717 127	0.9622
159		2246	-164  721 155	0.59281
159		2247	167  723 130	0.768925
159		2248	179  750 120	0.98982
159		2249	211  722 118	1
160		2251	181  754 116	0.892117
160		2252	-197  754 116	1
160		2253	170  732 117	0.999712
160		2254	-170  759 113	0.893817
161		2256	160  732 114	0.998452
161		2257	-163  727 112	0.915672
162		2259	-168  757 113	0.628484
162		2260	157  725 109	0.527216
163		2263	-195  754 112	1
163		2264	-182  721 115	0.999349
163		2265	-174  751 113	0.996915
164		2267	-172  741 136	0.660548
165		2273	-170  721 140	0.905335
165		2274	-169  690 121	0.827149
165		2275	-164  706 140	0.602808
165		2276	179  705 140	0.999606
166		2279	-169  699 144	0.999973
166		2280	-178  656 127	1
167		2282	176  667 141	0.999436
168		2284	166  636 160	0.953673
168		2285	165  623 140	0.944249
168		2286	161  635 144	0.922966
168		2287	-161  611 165	0.902571
169		2291	170  582 150	0.93057
170		2293	160  556 152	0.862947
170		2294	-158  541 172	0.816252
170		2295	-167  537 149	0.999588
171		2297	164  520 150	0.981011
171		2298	166  509 172	0.997002
171		2299	-163  504 174	0.955038
172		2301	165  483 172	0.683025
173		2306	163  428 196	0.717641
173		2307	-163  405 183	0.820683
173		2308	158  399 187	0.675679
173		2309	166  389 196	0.99799
174		2311	-175  369 203	0.992958
174		2312	-152  370 222	0.992731
175		2317	-161  298 217	0.842876
175		2318	162  297 223	1
175		2319	169  287 226	0.997644
175		2320	-140  277 240	0.794432
176		2322	-162  241 246	0.987322
176		2323	-158  234 236	0.724154
176		2324	127  226 254	0.589432
176		2325	-156  201 254	0.99953
177		2327	-143  187 270	0.963568
177		2328	-111  160 285	0.997045
178		2331	112  148 274	0.995589
179		2333	-110  99 314	0.984394
180		2335	152  97 306	0.994986
180		2336	110  97 327	0.99093
181		2340	-116  19 389	0.90654
182		2343	127  13 403	0.999966
182		2344	113  4 433	0.939078
182		2345	93  471 707	0.990541
183		2347	-95  448 799	0.999999
183		2348	84  448 799	0.762964
184		2350	-106  453 895	1
185		2362	-93  503 855	0.934743
186		2364	-87  515 801	0.97142
187		2366	84  515 801	0.894066
187		2367	-89  548 819	1
187		2368	-86  594 845	1
187		2369	-96  621 859	1
188		2371	-87  665 871	1
188		2372	-82  681 870	1
188		2373	-92  698 843	1
189		2376	-91  677 798	0.998019
190		2379	-95  621 821	0.934743
190		2380	-94  568 849	0.859326
190		2381	93  568 849	0.998019
191		2397	97  571 889	0.668974
192		2399	-104  552 837	0.773702
193		2401	97  507 801	0.859326
194		2403	103  479 815	0.744643
194		2404	99  464 834	0.934743
194		2405	80  438 888	1
195		2449	-99  703 897	1
195		2450	-94  711 873	0.628484
195		2451	91  711 873	0.773702
196		2453	-82  732 769	0.97142
196		2454	-73  738 738	0.859326
196		2455	-95  748 708	1
197		2457	-86  783 611	1
197		2458	88  783 611	0.97142
198		2460	-87  821 517	1
198		2461	-80  850 461	0.969105
198		2462	-101  863 435	1
199		2465	-78  870 358	0.986551
199		2466	-96  871 345	1
200		2469	-56  877 310	1
201		2473	-58  906 200	1
202		2493	-61  2 883	0.999999
203		2519	-98  778 295	1
203		2520	80  778 295	0.99663
204		2526	-94  756 129	1
205		2596	-103  2 294	1
205		2597	-135  6 270	0.999694
205		2598	119  1 265	0.992832
205		2599	119  45 223	0.956073
205		2600	119  51 191	1
205		2601	-114  71 187	0.972924
205		2602	114  73 184	1
205		2603	-122  103 129	0.530996
205		2604	-105  126 124	0.992006
205		2605	-147  141 109	1
205		2606	100  140 103	1
206		2626	-88  530 177	1
207		2630	-92  508 331	1
207		2631	-90  503 357	1
207		2632	-90  493 378	0.99994
208		2634	-84  436 438	1
208		2635	72  436 438	0.969105
208		2636	-75  395 497	0.998019
209		2638	-71  380 590	1
209		2639	-78  390 616	1
209		2640	-66  402 635	0.934743
210		2642	-110  444 682	1
210		2643	-99  456 697	1
211		2645	-112  468 709	1
211		2646	56  468 709	0.97142
212		2648	92  461 704	0.953209
212		2649	66  455 702	0.628484
213		2652	-126  934 808	1
214		2654	125  934 808	0.933238
215		2656	-128  903 311	0.716817
215		2657	124  901 311	1
216		2665	-15  238 537	0.00107504
217		2733	53  1 880	0.830821
218		2781	53  1 808	0.995396
219		2879	31  3 880	0
